  Using bundled DotNet SDK
  Log file: C:\Users\mrust\AppData\Local\UnrealBuildTool\Log.txt
  Deleted hot-reload file: C:\Users\mrust\OneDrive\Documents\Unreal Projects\task_00\Binaries\Win64\UnrealEditor-task_00-0001-Win64-DebugGame.dll
  Deleted hot-reload file: C:\Users\mrust\OneDrive\Documents\Unreal Projects\task_00\Binaries\Win64\UnrealEditor-task_00-0001-Win64-DebugGame.pdb
  Deleted hot-reload file: C:\Users\mrust\OneDrive\Documents\Unreal Projects\task_00\Binaries\Win64\UnrealEditor-task_00-1426-Win64-DebugGame.dll
  Deleted hot-reload file: C:\Users\mrust\OneDrive\Documents\Unreal Projects\task_00\Binaries\Win64\UnrealEditor-task_00-1426-Win64-DebugGame.pdb
  Deleted hot-reload file: C:\Users\mrust\OneDrive\Documents\Unreal Projects\task_00\Binaries\Win64\UnrealEditor-task_00-2078-Win64-DebugGame.dll
  Deleted hot-reload file: C:\Users\mrust\OneDrive\Documents\Unreal Projects\task_00\Binaries\Win64\UnrealEditor-task_00-2078-Win64-DebugGame.pdb
  Deleted hot-reload file: C:\Users\mrust\OneDrive\Documents\Unreal Projects\task_00\Binaries\Win64\UnrealEditor-task_00-3303-Win64-DebugGame.dll
  Deleted hot-reload file: C:\Users\mrust\OneDrive\Documents\Unreal Projects\task_00\Binaries\Win64\UnrealEditor-task_00-3303-Win64-DebugGame.pdb
  Deleted hot-reload file: C:\Users\mrust\OneDrive\Documents\Unreal Projects\task_00\Binaries\Win64\UnrealEditor-task_00-3994-Win64-DebugGame.dll
  Deleted hot-reload file: C:\Users\mrust\OneDrive\Documents\Unreal Projects\task_00\Binaries\Win64\UnrealEditor-task_00-3994-Win64-DebugGame.pdb
  Deleted hot-reload file: C:\Users\mrust\OneDrive\Documents\Unreal Projects\task_00\Binaries\Win64\UnrealEditor-task_00-4843-Win64-DebugGame.dll
  Deleted hot-reload file: C:\Users\mrust\OneDrive\Documents\Unreal Projects\task_00\Binaries\Win64\UnrealEditor-task_00-4843-Win64-DebugGame.pdb
  Deleted hot-reload file: C:\Users\mrust\OneDrive\Documents\Unreal Projects\task_00\Binaries\Win64\UnrealEditor-task_00-5108-Win64-DebugGame.dll
  Deleted hot-reload file: C:\Users\mrust\OneDrive\Documents\Unreal Projects\task_00\Binaries\Win64\UnrealEditor-task_00-5108-Win64-DebugGame.pdb
  Deleted hot-reload file: C:\Users\mrust\OneDrive\Documents\Unreal Projects\task_00\Binaries\Win64\UnrealEditor-task_00-5169-Win64-DebugGame.dll
  Deleted hot-reload file: C:\Users\mrust\OneDrive\Documents\Unreal Projects\task_00\Binaries\Win64\UnrealEditor-task_00-5169-Win64-DebugGame.pdb
  Deleted hot-reload file: C:\Users\mrust\OneDrive\Documents\Unreal Projects\task_00\Binaries\Win64\UnrealEditor-task_00-5993-Win64-DebugGame.dll
  Deleted hot-reload file: C:\Users\mrust\OneDrive\Documents\Unreal Projects\task_00\Binaries\Win64\UnrealEditor-task_00-5993-Win64-DebugGame.pdb
  Deleted hot-reload file: C:\Users\mrust\OneDrive\Documents\Unreal Projects\task_00\Binaries\Win64\UnrealEditor-task_00-7557-Win64-DebugGame.dll
  Deleted hot-reload file: C:\Users\mrust\OneDrive\Documents\Unreal Projects\task_00\Binaries\Win64\UnrealEditor-task_00-7557-Win64-DebugGame.pdb
  Deleted hot-reload file: C:\Users\mrust\OneDrive\Documents\Unreal Projects\task_00\Binaries\Win64\UnrealEditor-task_00-8705-Win64-DebugGame.dll
  Deleted hot-reload file: C:\Users\mrust\OneDrive\Documents\Unreal Projects\task_00\Binaries\Win64\UnrealEditor-task_00-8705-Win64-DebugGame.pdb
  Deleted hot-reload file: C:\Users\mrust\OneDrive\Documents\Unreal Projects\task_00\Binaries\Win64\UnrealEditor-task_00-9300-Win64-DebugGame.dll
  Deleted hot-reload file: C:\Users\mrust\OneDrive\Documents\Unreal Projects\task_00\Binaries\Win64\UnrealEditor-task_00-9300-Win64-DebugGame.pdb
  Deleted hot-reload file: C:\Users\mrust\OneDrive\Documents\Unreal Projects\task_00\Binaries\Win64\UnrealEditor-task_00-9504-Win64-DebugGame.dll
  Deleted hot-reload file: C:\Users\mrust\OneDrive\Documents\Unreal Projects\task_00\Binaries\Win64\UnrealEditor-task_00-9504-Win64-DebugGame.pdb
  Deleted hot-reload file: C:\Users\mrust\OneDrive\Documents\Unreal Projects\task_00\Intermediate\Build\Win64\UnrealEditor\DebugGame\task_00\UnrealEditor-task_00-0001-Win64-DebugGame.lib
  Deleted hot-reload file: C:\Users\mrust\OneDrive\Documents\Unreal Projects\task_00\Intermediate\Build\Win64\UnrealEditor\DebugGame\task_00\UnrealEditor-task_00-1426-Win64-DebugGame.lib
  Deleted hot-reload file: C:\Users\mrust\OneDrive\Documents\Unreal Projects\task_00\Intermediate\Build\Win64\UnrealEditor\DebugGame\task_00\UnrealEditor-task_00-2078-Win64-DebugGame.lib
  Deleted hot-reload file: C:\Users\mrust\OneDrive\Documents\Unreal Projects\task_00\Intermediate\Build\Win64\UnrealEditor\DebugGame\task_00\UnrealEditor-task_00-3303-Win64-DebugGame.lib
  Deleted hot-reload file: C:\Users\mrust\OneDrive\Documents\Unreal Projects\task_00\Intermediate\Build\Win64\UnrealEditor\DebugGame\task_00\UnrealEditor-task_00-3994-Win64-DebugGame.lib
  Deleted hot-reload file: C:\Users\mrust\OneDrive\Documents\Unreal Projects\task_00\Intermediate\Build\Win64\UnrealEditor\DebugGame\task_00\UnrealEditor-task_00-4843-Win64-DebugGame.lib
  Deleted hot-reload file: C:\Users\mrust\OneDrive\Documents\Unreal Projects\task_00\Intermediate\Build\Win64\UnrealEditor\DebugGame\task_00\UnrealEditor-task_00-5108-Win64-DebugGame.lib
  Deleted hot-reload file: C:\Users\mrust\OneDrive\Documents\Unreal Projects\task_00\Intermediate\Build\Win64\UnrealEditor\DebugGame\task_00\UnrealEditor-task_00-5169-Win64-DebugGame.lib
  Deleted hot-reload file: C:\Users\mrust\OneDrive\Documents\Unreal Projects\task_00\Intermediate\Build\Win64\UnrealEditor\DebugGame\task_00\UnrealEditor-task_00-5993-Win64-DebugGame.lib
  Deleted hot-reload file: C:\Users\mrust\OneDrive\Documents\Unreal Projects\task_00\Intermediate\Build\Win64\UnrealEditor\DebugGame\task_00\UnrealEditor-task_00-7557-Win64-DebugGame.lib
  Deleted hot-reload file: C:\Users\mrust\OneDrive\Documents\Unreal Projects\task_00\Intermediate\Build\Win64\UnrealEditor\DebugGame\task_00\UnrealEditor-task_00-8705-Win64-DebugGame.lib
  Deleted hot-reload file: C:\Users\mrust\OneDrive\Documents\Unreal Projects\task_00\Intermediate\Build\Win64\UnrealEditor\DebugGame\task_00\UnrealEditor-task_00-9300-Win64-DebugGame.lib
  Deleted hot-reload file: C:\Users\mrust\OneDrive\Documents\Unreal Projects\task_00\Intermediate\Build\Win64\UnrealEditor\DebugGame\task_00\UnrealEditor-task_00-9504-Win64-DebugGame.lib
  Building task_00Editor...
  Using Visual Studio 2022 14.36.32535 toolchain (C:\Program Files\Microsoft Visual Studio\2022\Community\VC\Tools\MSVC\14.36.32532) and Windows 10.0.22621.0 SDK (C:\Program Files (x86)\Windows Kits\10).
  [Adaptive Build] Excluded from task_00 unity file: MyMainCharacter.cpp, MyMainGameMode.cpp, MyMainHUD.cpp, MyMainMatineeCameraShake.cpp, task_00.cpp, task_00Character.cpp, task_00GameMode.cpp
  Determining max actions to execute in parallel (14 physical cores, 20 logical cores)
    Executing up to 14 processes, one per physical core
    Requested 1,5 GB free memory per action, 5,95 GB available: limiting max parallel actions to 3
  Building 3 actions with 3 processes...
  [1/3] Link UnrealEditor-task_00-Win64-DebugGame.lib
     Creating library C:\Users\mrust\OneDrive\Documents\Unreal Projects\task_00\Intermediate\Build\Win64\UnrealEditor\DebugGame\task_00\UnrealEditor-task_00-Win64-DebugGame.lib and object C:\Users\mrust\OneDrive\Documents\Unreal Projects\task_00\Intermediate\Build\Win64\UnrealEditor\DebugGame\task_00\UnrealEditor-task_00-Win64-DebugGame.exp
  [2/3] Link UnrealEditor-task_00-Win64-DebugGame.dll
     Creating library C:\Users\mrust\OneDrive\Documents\Unreal Projects\task_00\Intermediate\Build\Win64\UnrealEditor\DebugGame\task_00\UnrealEditor-task_00-Win64-DebugGame.suppressed.lib and object C:\Users\mrust\OneDrive\Documents\Unreal Projects\task_00\Intermediate\Build\Win64\UnrealEditor\DebugGame\task_00\UnrealEditor-task_00-Win64-DebugGame.suppressed.exp
  [3/3] WriteMetadata task_00Editor-Win64-DebugGame.target
  Total time in Parallel executor: 1,88 seconds
  Total execution time: 2,73 seconds
